{"timestamp": "2025-08-20T15:15:49.811940", "level": "INFO", "logger": "api", "message": "Logging system initialized", "module": "logging_config", "function": "<module>", "line": 239}
{"timestamp": "2025-08-20T15:16:11.866663", "level": "INFO", "logger": "api", "message": "Logging system initialized", "module": "logging_config", "function": "<module>", "line": 239}
{"timestamp": "2025-08-20T15:16:32.315099", "level": "INFO", "logger": "api", "message": "Logging system initialized", "module": "logging_config", "function": "<module>", "line": 239}
{"timestamp": "2025-08-20T15:16:52.453129", "level": "INFO", "logger": "api", "message": "Logging system initialized", "module": "logging_config", "function": "<module>", "line": 248}
{"timestamp": "2025-08-20T15:16:57.077484", "level": "INFO", "logger": "api", "message": "Logging system initialized", "module": "logging_config", "function": "<module>", "line": 248}
{"timestamp": "2025-08-20T15:16:57.078633", "level": "INFO", "logger": "test", "message": "Testing logging system initialization", "module": "<string>", "function": "<module>", "line": 9}
{"timestamp": "2025-08-20T15:16:57.079175", "level": "INFO", "logger": "api", "message": "API Request - GET /test", "module": "logging_config", "function": "log_api_request", "line": 139, "session_id": "test-session-123", "user_action": "api_request"}
{"timestamp": "2025-08-20T15:16:57.079841", "level": "INFO", "logger": "chatbot", "message": "Chat interaction - message_length: 50, has_data: True", "module": "logging_config", "function": "log_chat_interaction", "line": 153, "session_id": "test-session-123", "user_action": "chat_message", "execution_time": 1.23}
{"timestamp": "2025-08-20T15:17:12.596905", "level": "INFO", "logger": "api", "message": "Logging system initialized", "module": "logging_config", "function": "<module>", "line": 248}
{"timestamp": "2025-08-20T15:17:18.820054", "level": "INFO", "logger": "api", "message": "Logging system initialized", "module": "logging_config", "function": "<module>", "line": 248}
{"timestamp": "2025-08-20T15:17:18.821461", "level": "INFO", "logger": "test", "message": "Testing logging system after fix", "module": "<string>", "function": "<module>", "line": 9}
{"timestamp": "2025-08-20T15:17:18.821990", "level": "INFO", "logger": "api", "message": "API Request - GET /test", "module": "logging_config", "function": "log_api_request", "line": 139, "session_id": "test-session-456", "user_action": "api_request"}
{"timestamp": "2025-08-20T15:17:18.822669", "level": "INFO", "logger": "chatbot", "message": "Chat interaction - message_length: 50, has_data: True", "module": "logging_config", "function": "log_chat_interaction", "line": 153, "session_id": "test-session-456", "user_action": "chat_message", "execution_time": 1.23}
{"timestamp": "2025-08-20T15:17:18.823411", "level": "INFO", "logger": "api", "message": "File upload - test.csv, size: 1024, shape: (100, 5)", "module": "logging_config", "function": "log_file_upload", "line": 196, "session_id": "test-session-456", "user_action": "file_upload", "error_type": null}
{"timestamp": "2025-08-20T15:17:18.824044", "level": "INFO", "logger": "chatbot", "message": "Code execution - type: plotly, success: True", "module": "logging_config", "function": "log_code_execution", "line": 168, "session_id": "test-session-456", "user_action": "code_execution", "execution_time": 2.45, "error_type": null}
{"timestamp": "2025-08-20T15:17:33.890171", "level": "INFO", "logger": "api", "message": "Logging system initialized", "module": "logging_config", "function": "<module>", "line": 248}
{"timestamp": "2025-08-20T15:21:17.280136", "level": "INFO", "logger": "api", "message": "Logging system initialized", "module": "logging_config", "function": "<module>", "line": 248}
{"timestamp": "2025-08-20T15:21:38.281714", "level": "INFO", "logger": "api", "message": "Logging system initialized", "module": "logging_config", "function": "<module>", "line": 248}
{"timestamp": "2025-08-20T15:23:03.392359", "level": "INFO", "logger": "api", "message": "API Request - POST /upload-csv", "module": "logging_config", "function": "log_api_request", "line": 139, "session_id": "5b243a1c-1c9a-408a-b20c-d6ff7eee2d84", "user_action": "api_request"}
{"timestamp": "2025-08-20T15:23:08.776497", "level": "ERROR", "logger": "chatbot", "message": "Code execution - type: error, success: False", "module": "logging_config", "function": "log_code_execution", "line": 168, "session_id": "5b243a1c-1c9a-408a-b20c-d6ff7eee2d84", "user_action": "code_execution", "execution_time": 0.0002582073211669922, "error_type": "execution_error"}
{"timestamp": "2025-08-20T15:23:08.777188", "level": "ERROR", "logger": "errors", "message": "Code execution failed: invalid syntax (<string>, line 1)", "module": "logging_config", "function": "log_code_execution", "line": 183, "session_id": "5b243a1c-1c9a-408a-b20c-d6ff7eee2d84", "error_type": "code_execution_error"}
{"timestamp": "2025-08-20T15:23:08.777487", "level": "ERROR", "logger": "errors", "message": "Error in code_execution: invalid syntax (<string>, line 1)", "module": "logging_config", "function": "log_error", "line": 241, "session_id": "5b243a1c-1c9a-408a-b20c-d6ff7eee2d84", "error_type": "SyntaxError"}
{"timestamp": "2025-08-20T15:23:13.802290", "level": "INFO", "logger": "api", "message": "File upload - sample_data.csv, size: 1004, shape: (26, 6)", "module": "logging_config", "function": "log_file_upload", "line": 196, "session_id": "5b243a1c-1c9a-408a-b20c-d6ff7eee2d84", "user_action": "file_upload", "error_type": null}
{"timestamp": "2025-08-20T15:23:21.847168", "level": "INFO", "logger": "api", "message": "API Request - POST /chat", "module": "logging_config", "function": "log_api_request", "line": 139, "session_id": "5b243a1c-1c9a-408a-b20c-d6ff7eee2d84", "user_action": "api_request"}
{"timestamp": "2025-08-20T15:23:25.165615", "level": "ERROR", "logger": "chatbot", "message": "Code execution - type: error, success: False", "module": "logging_config", "function": "log_code_execution", "line": 168, "session_id": "5b243a1c-1c9a-408a-b20c-d6ff7eee2d84", "user_action": "code_execution", "execution_time": 0.00015544891357421875, "error_type": "execution_error"}
{"timestamp": "2025-08-20T15:23:25.166199", "level": "ERROR", "logger": "errors", "message": "Code execution failed: invalid syntax (<string>, line 1)", "module": "logging_config", "function": "log_code_execution", "line": 183, "session_id": "5b243a1c-1c9a-408a-b20c-d6ff7eee2d84", "error_type": "code_execution_error"}
{"timestamp": "2025-08-20T15:23:25.166471", "level": "ERROR", "logger": "errors", "message": "Error in code_execution: invalid syntax (<string>, line 1)", "module": "logging_config", "function": "log_error", "line": 241, "session_id": "5b243a1c-1c9a-408a-b20c-d6ff7eee2d84", "error_type": "SyntaxError"}
{"timestamp": "2025-08-20T15:23:25.207939", "level": "INFO", "logger": "chatbot", "message": "Chat interaction - message_length: 11, has_data: True", "module": "logging_config", "function": "log_chat_interaction", "line": 153, "session_id": "5b243a1c-1c9a-408a-b20c-d6ff7eee2d84", "user_action": "chat_message", "execution_time": 3.360739231109619}
{"timestamp": "2025-08-20T15:40:18.048131", "level": "INFO", "logger": "api", "message": "Logging system initialized", "module": "logging_config", "function": "<module>", "line": 248}
{"timestamp": "2025-08-20T23:31:40.488949", "level": "INFO", "logger": "api", "message": "Logging system initialized", "module": "logging_config", "function": "<module>", "line": 248}
{"timestamp": "2025-08-20T23:32:06.667582", "level": "INFO", "logger": "api", "message": "Logging system initialized", "module": "logging_config", "function": "<module>", "line": 248}
{"timestamp": "2025-08-20T23:32:29.726389", "level": "INFO", "logger": "api", "message": "Logging system initialized", "module": "logging_config", "function": "<module>", "line": 248}
{"timestamp": "2025-08-20T23:33:04.492456", "level": "INFO", "logger": "api", "message": "Logging system initialized", "module": "logging_config", "function": "<module>", "line": 248}
{"timestamp": "2025-08-20T23:33:37.028239", "level": "INFO", "logger": "api", "message": "Logging system initialized", "module": "logging_config", "function": "<module>", "line": 248}
{"timestamp": "2025-08-20T23:34:07.500064", "level": "INFO", "logger": "api", "message": "Logging system initialized", "module": "logging_config", "function": "<module>", "line": 248}
{"timestamp": "2025-08-20T23:34:37.805313", "level": "INFO", "logger": "api", "message": "Logging system initialized", "module": "logging_config", "function": "<module>", "line": 248}
{"timestamp": "2025-08-20T23:35:41.358847", "level": "INFO", "logger": "api", "message": "Logging system initialized", "module": "logging_config", "function": "<module>", "line": 248}
{"timestamp": "2025-08-20T23:36:02.149585", "level": "INFO", "logger": "api", "message": "Logging system initialized", "module": "logging_config", "function": "<module>", "line": 248}
{"timestamp": "2025-08-20T23:36:25.786302", "level": "INFO", "logger": "api", "message": "Logging system initialized", "module": "logging_config", "function": "<module>", "line": 248}
{"timestamp": "2025-08-20T23:39:45.222600", "level": "INFO", "logger": "api", "message": "Logging system initialized", "module": "logging_config", "function": "<module>", "line": 248}
{"timestamp": "2025-08-20T23:39:47.531672", "level": "ERROR", "logger": "guardrails_manager", "message": "Failed to initialize NeMo Guardrails: Unsupported colang version 2.0 for file: /home/joy/Desktop/Batlabs/config/rails.co", "module": "guardrails_manager", "function": "_initialize_rails", "line": 45}
{"timestamp": "2025-08-20T23:39:55.006805", "level": "INFO", "logger": "api", "message": "API Request - POST /upload-csv", "module": "logging_config", "function": "log_api_request", "line": 139, "session_id": "5be52298-c0d3-4a78-83a2-7f2ac9704ba7", "user_action": "api_request"}
{"timestamp": "2025-08-20T23:39:55.059186", "level": "WARNING", "logger": "guardrails_manager", "message": "Guardrails not initialized, proceeding without protection", "module": "guardrails_manager", "function": "process_input", "line": 85}
{"timestamp": "2025-08-20T23:40:00.876129", "level": "INFO", "logger": "chatbot", "message": "Code execution - type: no_plot, success: True", "module": "logging_config", "function": "log_code_execution", "line": 168, "session_id": "5be52298-c0d3-4a78-83a2-7f2ac9704ba7", "user_action": "code_execution", "execution_time": 0.0014681816101074219, "error_type": null}
{"timestamp": "2025-08-20T23:40:03.072648", "level": "WARNING", "logger": "guardrails_manager", "message": "Guardrails not initialized, proceeding without protection", "module": "guardrails_manager", "function": "process_output", "line": 146}
{"timestamp": "2025-08-20T23:40:03.346037", "level": "INFO", "logger": "api", "message": "File upload - sample_data.csv, size: 1004, shape: (26, 6)", "module": "logging_config", "function": "log_file_upload", "line": 196, "session_id": "5be52298-c0d3-4a78-83a2-7f2ac9704ba7", "user_action": "file_upload", "error_type": null}
{"timestamp": "2025-08-20T23:40:05.034605", "level": "INFO", "logger": "api", "message": "API Request - POST /chat", "module": "logging_config", "function": "log_api_request", "line": 139, "session_id": "5be52298-c0d3-4a78-83a2-7f2ac9704ba7", "user_action": "api_request"}
{"timestamp": "2025-08-20T23:40:05.038087", "level": "WARNING", "logger": "guardrails_manager", "message": "Guardrails not initialized, proceeding without protection", "module": "guardrails_manager", "function": "process_input", "line": 85}
{"timestamp": "2025-08-20T23:40:13.990446", "level": "INFO", "logger": "chatbot", "message": "Code execution - type: plotly, success: True", "module": "logging_config", "function": "log_code_execution", "line": 168, "session_id": "5be52298-c0d3-4a78-83a2-7f2ac9704ba7", "user_action": "code_execution", "execution_time": 0.6316752433776855, "error_type": null}
{"timestamp": "2025-08-20T23:40:13.994779", "level": "WARNING", "logger": "guardrails_manager", "message": "Guardrails not initialized, proceeding without protection", "module": "guardrails_manager", "function": "process_output", "line": 146}
{"timestamp": "2025-08-20T23:40:14.121986", "level": "INFO", "logger": "chatbot", "message": "Chat interaction - message_length: 13, has_data: True", "module": "logging_config", "function": "log_chat_interaction", "line": 153, "session_id": "5be52298-c0d3-4a78-83a2-7f2ac9704ba7", "user_action": "chat_message", "execution_time": 9.087379455566406}
{"timestamp": "2025-08-20T23:43:17.350327", "level": "INFO", "logger": "api", "message": "Logging system initialized", "module": "logging_config", "function": "<module>", "line": 248}
{"timestamp": "2025-08-20T23:43:20.399230", "level": "INFO", "logger": "guardrails_manager", "message": "Custom security rails initialized successfully", "module": "guardrails_manager", "function": "_initialize_rails", "line": 37}
{"timestamp": "2025-08-20T23:43:49.210809", "level": "INFO", "logger": "api", "message": "Logging system initialized", "module": "logging_config", "function": "<module>", "line": 248}
{"timestamp": "2025-08-20T23:43:52.264308", "level": "INFO", "logger": "guardrails_manager", "message": "Custom security rails initialized successfully", "module": "guardrails_manager", "function": "_initialize_rails", "line": 37}
{"timestamp": "2025-08-20T23:44:18.007770", "level": "INFO", "logger": "api", "message": "Logging system initialized", "module": "logging_config", "function": "<module>", "line": 248}
{"timestamp": "2025-08-20T23:44:19.999996", "level": "INFO", "logger": "guardrails_manager", "message": "Custom security rails initialized successfully", "module": "guardrails_manager", "function": "_initialize_rails", "line": 37}
{"timestamp": "2025-08-20T23:44:37.290696", "level": "INFO", "logger": "api", "message": "Logging system initialized", "module": "logging_config", "function": "<module>", "line": 248}
{"timestamp": "2025-08-20T23:45:14.191089", "level": "INFO", "logger": "api", "message": "Logging system initialized", "module": "logging_config", "function": "<module>", "line": 248}
{"timestamp": "2025-08-20T23:45:16.458294", "level": "INFO", "logger": "guardrails_manager", "message": "Custom security rails initialized successfully", "module": "guardrails_manager", "function": "_initialize_rails", "line": 37}
{"timestamp": "2025-08-20T23:45:29.174323", "level": "INFO", "logger": "api", "message": "API Request - POST /upload-csv", "module": "logging_config", "function": "log_api_request", "line": 139, "session_id": "cf734ddc-7d21-4faa-aa31-00469ea32b7c", "user_action": "api_request"}
{"timestamp": "2025-08-20T23:45:34.237656", "level": "INFO", "logger": "chatbot", "message": "Code execution - type: no_plot, success: True", "module": "logging_config", "function": "log_code_execution", "line": 168, "session_id": "cf734ddc-7d21-4faa-aa31-00469ea32b7c", "user_action": "code_execution", "execution_time": 0.0014107227325439453, "error_type": null}
{"timestamp": "2025-08-20T23:45:37.559746", "level": "INFO", "logger": "api", "message": "File upload - sample_data.csv, size: 1004, shape: (26, 6)", "module": "logging_config", "function": "log_file_upload", "line": 196, "session_id": "cf734ddc-7d21-4faa-aa31-00469ea32b7c", "user_action": "file_upload", "error_type": null}
{"timestamp": "2025-08-20T23:45:50.502876", "level": "INFO", "logger": "api", "message": "API Request - POST /chat", "module": "logging_config", "function": "log_api_request", "line": 139, "session_id": "cf734ddc-7d21-4faa-aa31-00469ea32b7c", "user_action": "api_request"}
{"timestamp": "2025-08-20T23:45:55.882886", "level": "INFO", "logger": "chatbot", "message": "Code execution - type: plotly, success: True", "module": "logging_config", "function": "log_code_execution", "line": 168, "session_id": "cf734ddc-7d21-4faa-aa31-00469ea32b7c", "user_action": "code_execution", "execution_time": 1.0123155117034912, "error_type": null}
{"timestamp": "2025-08-20T23:45:56.086531", "level": "INFO", "logger": "chatbot", "message": "Chat interaction - message_length: 13, has_data: True", "module": "logging_config", "function": "log_chat_interaction", "line": 153, "session_id": "cf734ddc-7d21-4faa-aa31-00469ea32b7c", "user_action": "chat_message", "execution_time": 5.583609580993652}
{"timestamp": "2025-08-20T23:49:32.947615", "level": "INFO", "logger": "api", "message": "Logging system initialized", "module": "logging_config", "function": "<module>", "line": 248}
{"timestamp": "2025-08-20T23:49:36.373596", "level": "INFO", "logger": "guardrails_manager", "message": "Custom security rails initialized successfully", "module": "guardrails_manager", "function": "_initialize_rails", "line": 37}
{"timestamp": "2025-08-20T23:50:27.140512", "level": "INFO", "logger": "api", "message": "Logging system initialized", "module": "logging_config", "function": "<module>", "line": 248}
{"timestamp": "2025-08-20T23:50:31.122125", "level": "INFO", "logger": "guardrails_manager", "message": "Custom security rails initialized successfully", "module": "guardrails_manager", "function": "_initialize_rails", "line": 37}
{"timestamp": "2025-08-20T23:50:57.280742", "level": "INFO", "logger": "api", "message": "Logging system initialized", "module": "logging_config", "function": "<module>", "line": 248}
{"timestamp": "2025-08-20T23:51:00.099307", "level": "INFO", "logger": "guardrails_manager", "message": "Custom security rails initialized successfully", "module": "guardrails_manager", "function": "_initialize_rails", "line": 37}
{"timestamp": "2025-08-20T23:51:37.110162", "level": "INFO", "logger": "api", "message": "API Request - POST /upload-csv", "module": "logging_config", "function": "log_api_request", "line": 139, "session_id": "f166f46c-0e5c-4742-ac8d-5f7df6fabf28", "user_action": "api_request"}
{"timestamp": "2025-08-20T23:51:48.475079", "level": "INFO", "logger": "chatbot", "message": "Code execution - type: plotly, success: True", "module": "logging_config", "function": "log_code_execution", "line": 168, "session_id": "f166f46c-0e5c-4742-ac8d-5f7df6fabf28", "user_action": "code_execution", "execution_time": 0.5866029262542725, "error_type": null}
{"timestamp": "2025-08-20T23:51:52.860608", "level": "INFO", "logger": "api", "message": "File upload - sample_data.csv, size: 1004, shape: (26, 6)", "module": "logging_config", "function": "log_file_upload", "line": 196, "session_id": "f166f46c-0e5c-4742-ac8d-5f7df6fabf28", "user_action": "file_upload", "error_type": null}
{"timestamp": "2025-08-20T23:52:06.608650", "level": "INFO", "logger": "api", "message": "API Request - POST /chat", "module": "logging_config", "function": "log_api_request", "line": 139, "session_id": "f166f46c-0e5c-4742-ac8d-5f7df6fabf28", "user_action": "api_request"}
{"timestamp": "2025-08-20T23:52:10.835096", "level": "INFO", "logger": "chatbot", "message": "Code execution - type: plotly, success: True", "module": "logging_config", "function": "log_code_execution", "line": 168, "session_id": "f166f46c-0e5c-4742-ac8d-5f7df6fabf28", "user_action": "code_execution", "execution_time": 0.1518409252166748, "error_type": null}
{"timestamp": "2025-08-20T23:52:10.916400", "level": "INFO", "logger": "chatbot", "message": "Chat interaction - message_length: 13, has_data: True", "module": "logging_config", "function": "log_chat_interaction", "line": 153, "session_id": "f166f46c-0e5c-4742-ac8d-5f7df6fabf28", "user_action": "chat_message", "execution_time": 4.307731628417969}
